Log started at 04.10.2019	17:20:27
Number of used processors (NPROC): 8.
Number of mesh partitions (NPART): 8.
Total Physical Memory = 15.94 Gb, Available Physical Memory = 9.07 Gb
Computer name:	BB316A-10
Operating system:	Windows 10 (or higher) (Version 10.0.17763)

SOLIDWORKS 2019 SP3.0
Flow Simulation 2019  x64 / 4547 / MESHER ver. efd_18_0.4396_11.10.2018 

Project: Z:\Fall 2019\Fluids\HW 3\4\4.xmlconfig
NGK: OFF

Mesh generation started:	4.10.2019	17:20:27
-----------------------------------------------------------------------
Mesher option run = eRunMesherNormal
-----------------------------------------------------------------------
Current CPU = 0 sec
-----------------------------------------------------------------------
Geometries initialization:
-----------------------------------------------------------------------
Loading mesh settings (global/local)...
-----------------------------------------------------------------------
Number of geometries: 1
Geometry(0):
	Guid = {00000000-0000-0000-0000-000000000000}
	Fluid..
	1 Body.
	1 Real body.
	Tolerance=2.22142e-05.
	11 Face(s).
		11 of b-spline type.
	20 Triangle(s).
	0 Face(s) that have no ref faces
	11 Plane surface(s).
	21 Edge(s).
		21 of b-spline type.
	Geometry reading: 0.004 s.
	5 Reference Face(s).
	8 Reference Triangles.
	GeometryRef reading: 0.000 s.
Last Geometry:
	Solid.
	Making hash and connectivity for geometry 0...
		CBodyGeom:
		Hash size: {14, 12, 126}.
		Mesh size: {14, 12, 126}.
		Hashing triangles...Ok.
			axis(0) tr sizes: average=4 max=10
			axis(1) tr sizes: average=4 max=9
			axis(2) tr sizes: average=4 max=10
		Making triangles connectivity...Ok. (0.000 s).
		Neighbour triangles: 100.00 % (good connect:20) - 0.00 % (bad connect:0). Min: 3. Max: 3.
		Done.
		Number of t-connected sets:2
			(0) size=12
			(1) size=8 cavity
		Done.
		CBodyGeomRef:
		Hashing triangles...Ok.
			axis(0) tr sizes: average=2 max=6
			axis(1) tr sizes: average=2 max=5
			axis(2) tr sizes: average=3 max=6
		Making triangles connectivity...Ok. (0.000 s).
		Neighbour triangles: Min: 0. Max: 1.
		Done.
		Done.
	0.004 s.
Geometries reading and preparing has taken 0.010 s.

Mapped triangles:
Hashing geometries triangles
	Triangles num=20
	Triangles box={-0.0261075  ,0.0260873  ,-0.0149552  ,0.0300907  ,-0.000497971  ,0.498469  }
		3d-hash size is 105408 bytes
		Making triangles connectivity...Ok. (0.000 s).
		Neighbour triangles: 100.00 % (good connect:20) - 0.00 % (bad connect:0). Min: 3. Max: 3.
Hashing peculiar surfaces triangles
	Triangles num=1
	Triangles box={-0.017769  ,0.017769  ,-0.0104495  ,0.0203274  ,0.497476  ,0.497476  }
		3d-hash size is 84896 bytes
	Triangles num=1
	Triangles box={-0.017769  ,0.017769  ,-0.0104495  ,0.0203274  ,0.00252392  ,0.00252392  }
		3d-hash size is 84896 bytes
Mapped triangles processed in 0.011 s.
-----------------------------------------------------------------------
Getting sectors:
Number of sectors: 0
-----------------------------------------------------------------------
-----------------------------------------------------------------------

Current CPU = 0 sec

-----------------------------------------------------------------------
Mesh dimensions:
				I[0 ]=14
				I[1 ]=12
				I[2 ]=126

Comp. domain size:
				a[0  ]=-0.0260554
				a[1  ]=0.0260352
				a[2  ]=-0.0149103
				a[3  ]=0.0300458
				a[4  ]=0
				a[5  ]=0.497971

Fluid calculated			1
Solid calculated			0
-----------------------------------------------------------------------
Mesh LEVEL = 1
-----------------------------------------------------------------------
-----------------------------------------------------------------------
MESH: distribute base bricks among sub-meshes...
	Base bricks count               21168
	Sub-meshes  count               8
	Base bricks count per sub-mesh  2646 (+0)
	Sub-mesh 0: 2646 base brick(s), range [0, 13]-[0, 11]-[0, 15]
	Sub-mesh 1: 2646 base brick(s), range [0, 13]-[0, 11]-[15, 31]
	Sub-mesh 2: 2646 base brick(s), range [0, 13]-[0, 11]-[31, 47]
	Sub-mesh 3: 2646 base brick(s), range [0, 13]-[0, 11]-[47, 62]
	Sub-mesh 4: 2646 base brick(s), range [0, 13]-[0, 11]-[63, 78]
	Sub-mesh 5: 2646 base brick(s), range [0, 13]-[0, 11]-[78, 94]
	Sub-mesh 6: 2646 base brick(s), range [0, 13]-[0, 11]-[94, 110]
	Sub-mesh 7: 2646 base brick(s), range [0, 13]-[0, 11]-[110, 125]
-----------------------------------------------------------------------
-----------------------------------------------------------------------
MESH: collecting ghosts in sub-meshes...
	Sub-mesh 0:
		Total  brick(s) 2814
		Native brick(s) 2646
		Inner  brick(s) 2478
		Outer  brick(s) 168
		Ghost  brick(s) 168
	Sub-mesh 1:
		Total  brick(s) 2982
		Native brick(s) 2646
		Inner  brick(s) 2310
		Outer  brick(s) 336
		Ghost  brick(s) 336
	Sub-mesh 2:
		Total  brick(s) 2982
		Native brick(s) 2646
		Inner  brick(s) 2310
		Outer  brick(s) 336
		Ghost  brick(s) 336
	Sub-mesh 3:
		Total  brick(s) 2982
		Native brick(s) 2646
		Inner  brick(s) 2310
		Outer  brick(s) 336
		Ghost  brick(s) 336
	Sub-mesh 4:
		Total  brick(s) 2982
		Native brick(s) 2646
		Inner  brick(s) 2310
		Outer  brick(s) 336
		Ghost  brick(s) 336
	Sub-mesh 5:
		Total  brick(s) 2982
		Native brick(s) 2646
		Inner  brick(s) 2310
		Outer  brick(s) 336
		Ghost  brick(s) 336
	Sub-mesh 6:
		Total  brick(s) 2982
		Native brick(s) 2646
		Inner  brick(s) 2310
		Outer  brick(s) 336
		Ghost  brick(s) 336
	Sub-mesh 7:
		Total  brick(s) 2814
		Native brick(s) 2646
		Inner  brick(s) 2478
		Outer  brick(s) 168
		Ghost  brick(s) 168
	Total brick(s) 21168
-----------------------------------------------------------------------
Setting regions...OK (0.002 s)
Base mesh info------------------
	2D flag  =0
	Period   =[0, 0, 0]
	Nx=14
		x[0]=-0.0260554
		x[1]=-0.0223335
		x[2]=-0.0186127
		x[3]=-0.0148919
		x[4]=-0.0111712
		x[5]=-0.00745043
		x[6]=-0.00372968
		x[7]=-8.9237e-06
		x[8]=0.00371183
		x[9]=0.00743259
		x[10]=0.0111533
		x[11]=0.0148741
		x[12]=0.0185948
		x[13]=0.0223156
		x[14]=0.0260352
	Ny=12
		y[0]=-0.0149103
		y[1]=-0.0111629
		y[2]=-0.00741657
		y[3]=-0.00367024
		y[4]=7.60985e-05
		y[5]=0.00382243
		y[6]=0.00756877
		y[7]=0.0113151
		y[8]=0.0150614
		y[9]=0.0188078
		y[10]=0.0225541
		y[11]=0.0263004
		y[12]=0.0300458
	Nz=126
		z[0]=0
		z[1]=0.00395306
		z[2]=0.00790521
		z[3]=0.0118574
		z[4]=0.0158095
		z[5]=0.0197617
		z[6]=0.0237138
		z[7]=0.027666
		z[8]=0.0316181
		z[9]=0.0355703
		z[10]=0.0395224
		z[11]=0.0434746
		z[12]=0.0474267
		z[13]=0.0513789
		z[14]=0.055331
		z[15]=0.0592832
		z[16]=0.0632353
		z[17]=0.0671875
		z[18]=0.0711396
		z[19]=0.0750918
		z[20]=0.0790439
		z[21]=0.0829961
		z[22]=0.0869482
		z[23]=0.0909004
		z[24]=0.0948525
		z[25]=0.0988047
		z[26]=0.102757
		z[27]=0.106709
		z[28]=0.110661
		z[29]=0.114613
		z[30]=0.118565
		z[31]=0.122518
		z[32]=0.12647
		z[33]=0.130422
		z[34]=0.134374
		z[35]=0.138326
		z[36]=0.142278
		z[37]=0.14623
		z[38]=0.150183
		z[39]=0.154135
		z[40]=0.158087
		z[41]=0.162039
		z[42]=0.165991
		z[43]=0.169943
		z[44]=0.173896
		z[45]=0.177848
		z[46]=0.1818
		z[47]=0.185752
		z[48]=0.189704
		z[49]=0.193656
		z[50]=0.197608
		z[51]=0.201561
		z[52]=0.205513
		z[53]=0.209465
		z[54]=0.213417
		z[55]=0.217369
		z[56]=0.221321
		z[57]=0.225274
		z[58]=0.229226
		z[59]=0.233178
		z[60]=0.23713
		z[61]=0.241082
		z[62]=0.245034
		z[63]=0.248986
		z[64]=0.252939
		z[65]=0.256891
		z[66]=0.260843
		z[67]=0.264795
		z[68]=0.268747
		z[69]=0.272699
		z[70]=0.276651
		z[71]=0.280604
		z[72]=0.284556
		z[73]=0.288508
		z[74]=0.29246
		z[75]=0.296412
		z[76]=0.300364
		z[77]=0.304317
		z[78]=0.308269
		z[79]=0.312221
		z[80]=0.316173
		z[81]=0.320125
		z[82]=0.324077
		z[83]=0.328029
		z[84]=0.331982
		z[85]=0.335934
		z[86]=0.339886
		z[87]=0.343838
		z[88]=0.34779
		z[89]=0.351742
		z[90]=0.355695
		z[91]=0.359647
		z[92]=0.363599
		z[93]=0.367551
		z[94]=0.371503
		z[95]=0.375455
		z[96]=0.379407
		z[97]=0.38336
		z[98]=0.387312
		z[99]=0.391264
		z[100]=0.395216
		z[101]=0.399168
		z[102]=0.40312
		z[103]=0.407072
		z[104]=0.411025
		z[105]=0.414977
		z[106]=0.418929
		z[107]=0.422881
		z[108]=0.426833
		z[109]=0.430785
		z[110]=0.434738
		z[111]=0.43869
		z[112]=0.442642
		z[113]=0.446594
		z[114]=0.450546
		z[115]=0.454498
		z[116]=0.45845
		z[117]=0.462403
		z[118]=0.466355
		z[119]=0.470307
		z[120]=0.474259
		z[121]=0.478211
		z[122]=0.482163
		z[123]=0.486115
		z[124]=0.490068
		z[125]=0.49402
		z[126]=0.497971
End of base mesh info---------
Input_mesh_settings--------------------------------
Settings 0----------------
	Scope: GLOBAL
	Type:	------MESHER_SETTINGS----------
	RefAllCells           =0
	RefFluidCells         =0
	RefPartCells          =0
	RefSolidCells         =0
	l_SSFR(Capture crit)  =1
	l_curv(Curvature crit)=0
	l_tol(Tolerance crit) =0
	UseChannelRef         =1
	  NCR_method          =0
	  l_NCR               =1
	  N_gap               =10
	  Use d_NCR_min       =0
	  Use d_NCR_max       =0
	IgnoreThinChannelsHeight         =0
	--END_OF_MESHER_SETTINGS-------
End of input mesh settings-------------------------

-----------------------------------------------------------------------
Building geometries:
Building geometry Fluid.0.(0)...

-----------------------------------------------------------------------
Refining by triangulation...
Refinement input: 21168 bricks
Setting regions...OK (0.002 s)
Refinement result: 22050 bricks (0.010 s)
Refinement input: 22050 bricks
Refinement result: 22050 bricks (0.007 s)
Collecting and processing rays...OK (0.039 s)
Capturing...OK (0.006 s)
Refining by triangulation takes 0.064 s
-----------------------------------------------------------------------

-----------------------------------------------------------------------
Refining peculiar surfaces...
0 surfaces refined
Refining peculiar surfaces takes 0.004 s
-----------------------------------------------------------------------
Collecting and processing rays...OK (0.001 s)
Capturing...OK (0.000 s)
Collecting and processing rays...OK (0.001 s)
Capturing...OK (0.000 s)
Collecting and processing rays...OK (0.001 s)
Capturing...OK (0.000 s)

-----------------------------------------------------------------------
Base mesh 1 Refining...
Refinement input: 22050 bricks
Refinement result: 22050 bricks (0.002 s)
Collecting and processing rays...OK (0.001 s)
Capturing...OK (0.000 s)
-----------------------------------------------------------------------
Refining channels...
FYI: CNarrowChannelRefiner::RefineChannels_PRLL: m_submesh_count=8
Refinement input: 22050 bricks
Setting regions...OK (0.008 s)
Refinement result: 65541 bricks (0.028 s)
Collecting and processing rays...OK (0.063 s)
Capturing...OK (0.017 s)
FYI: m_iteration_count = 0
FYI: level1 statistics:
     level1_cnt_plus[1]=49704;		level1_cnt_minus[1]=0
     level1_cnt_plus[2]=0;		level1_cnt_minus[2]=0
     level1_cnt_plus[3]=0;		level1_cnt_minus[3]=0
     level1_cnt_plus[4]=0;		level1_cnt_minus[4]=0
     level1_cnt_plus[5]=0;		level1_cnt_minus[5]=0
     level1_cnt_plus[6]=0;		level1_cnt_minus[6]=0
     level1_cnt_plus[7]=0;		level1_cnt_minus[7]=0
     level1_cnt_plus[8]=0;		level1_cnt_minus[8]=0
     level1_cnt_plus[9]=0;		level1_cnt_minus[9]=0
Refinement input: 65541 bricks
Setting regions...OK (0.006 s)
Refinement result: 65632 bricks (0.021 s)
Collecting and processing rays...OK (0.002 s)
Capturing...OK (0.001 s)
FYI: m_iteration_count = 1
FYI: level1 statistics:
     level1_cnt_plus[1]=49808;		level1_cnt_minus[1]=0
     level1_cnt_plus[2]=0;		level1_cnt_minus[2]=0
     level1_cnt_plus[3]=0;		level1_cnt_minus[3]=0
     level1_cnt_plus[4]=0;		level1_cnt_minus[4]=0
     level1_cnt_plus[5]=0;		level1_cnt_minus[5]=0
     level1_cnt_plus[6]=0;		level1_cnt_minus[6]=0
     level1_cnt_plus[7]=0;		level1_cnt_minus[7]=0
     level1_cnt_plus[8]=0;		level1_cnt_minus[8]=0
     level1_cnt_plus[9]=0;		level1_cnt_minus[9]=0
FYI: m_iteration_count = 2
FYI: level1 statistics:
     level1_cnt_plus[1]=49808;		level1_cnt_minus[1]=0
     level1_cnt_plus[2]=0;		level1_cnt_minus[2]=0
     level1_cnt_plus[3]=0;		level1_cnt_minus[3]=0
     level1_cnt_plus[4]=0;		level1_cnt_minus[4]=0
     level1_cnt_plus[5]=0;		level1_cnt_minus[5]=0
     level1_cnt_plus[6]=0;		level1_cnt_minus[6]=0
     level1_cnt_plus[7]=0;		level1_cnt_minus[7]=0
     level1_cnt_plus[8]=0;		level1_cnt_minus[8]=0
     level1_cnt_plus[9]=0;		level1_cnt_minus[9]=0
FYI: level1 statistics:
     level1_cnt_plus[1]=49808;		level1_cnt_minus[1]=0
     level1_cnt_plus[2]=0;		level1_cnt_minus[2]=0
     level1_cnt_plus[3]=0;		level1_cnt_minus[3]=0
     level1_cnt_plus[4]=0;		level1_cnt_minus[4]=0
     level1_cnt_plus[5]=0;		level1_cnt_minus[5]=0
     level1_cnt_plus[6]=0;		level1_cnt_minus[6]=0
     level1_cnt_plus[7]=0;		level1_cnt_minus[7]=0
     level1_cnt_plus[8]=0;		level1_cnt_minus[8]=0
     level1_cnt_plus[9]=0;		level1_cnt_minus[9]=0

-----------------------------------------------------------------------
U-shapes refinement...
Refinement input: 65632 bricks
Refinement result: 65632 bricks (0.011 s)
Collecting and processing rays...OK (0.002 s)
Capturing...OK (0.001 s)
-----------------------------------------------------------------------

-----------------------------------------------------------------------
Equi Distant Refiner:
Equi Distant Refiner takes 0.00 s
-----------------------------------------------------------------------
Building geometry takes 0.347 s
Geometry Fluid.0.
Total		65632
Partial	16770
Fluid		25262
Solid		23600
Bad		0

/-Ray Intersection---------------/ Time	0.016 s
Calls			11385
CorrectRay Calls	0


Building geometries takes 0.349 s
-----------------------------------------------------------------------

-----------------------------------------------------------------------
PostBuilding geometries:
PostBuilding geometries takes 0.001 s
-----------------------------------------------------------------------
Defect ray count	0
FYI: CNarrowChannelRefiner::RedistributeLevel1_step_1: is finished
FYI: level1 statistics:
     level1_cnt_plus[1]=49808;		level1_cnt_minus[1]=0
     level1_cnt_plus[2]=0;		level1_cnt_minus[2]=0
     level1_cnt_plus[3]=0;		level1_cnt_minus[3]=0
     level1_cnt_plus[4]=0;		level1_cnt_minus[4]=0
     level1_cnt_plus[5]=0;		level1_cnt_minus[5]=0
     level1_cnt_plus[6]=0;		level1_cnt_minus[6]=0
     level1_cnt_plus[7]=0;		level1_cnt_minus[7]=0
     level1_cnt_plus[8]=0;		level1_cnt_minus[8]=0
     level1_cnt_plus[9]=0;		level1_cnt_minus[9]=0
FYI: CNarrowChannelRefiner::RedistributeLevel1_step_2: is started
FYI: CNarrowChannelRefiner::RedistributeLevel1_step_2: is finished
FYI: level1 statistics:
     level1_cnt_plus[1]=50059;		level1_cnt_minus[1]=0
     level1_cnt_plus[2]=0;		level1_cnt_minus[2]=0
     level1_cnt_plus[3]=0;		level1_cnt_minus[3]=0
     level1_cnt_plus[4]=0;		level1_cnt_minus[4]=0
     level1_cnt_plus[5]=0;		level1_cnt_minus[5]=0
     level1_cnt_plus[6]=0;		level1_cnt_minus[6]=0
     level1_cnt_plus[7]=0;		level1_cnt_minus[7]=0
     level1_cnt_plus[8]=0;		level1_cnt_minus[8]=0
     level1_cnt_plus[9]=0;		level1_cnt_minus[9]=0
FYI: CNarrowChannelRefiner::RedistributeLevel1_step_3: is started
FYI: CNarrowChannelRefiner::RedistributeLevel1_step_3: is finished
RedistributeLevel1 takes:
FYI: level1 statistics:
     level1_cnt_plus[1]=50059;		level1_cnt_minus[1]=0
     level1_cnt_plus[2]=0;		level1_cnt_minus[2]=0
     level1_cnt_plus[3]=0;		level1_cnt_minus[3]=0
     level1_cnt_plus[4]=0;		level1_cnt_minus[4]=0
     level1_cnt_plus[5]=0;		level1_cnt_minus[5]=0
     level1_cnt_plus[6]=0;		level1_cnt_minus[6]=0
     level1_cnt_plus[7]=0;		level1_cnt_minus[7]=0
     level1_cnt_plus[8]=0;		level1_cnt_minus[8]=0
     level1_cnt_plus[9]=0;		level1_cnt_minus[9]=0
-----------------------------------------------------------------------
BCF-Builder Iteration: 0
Memory Working Set Current = 59.63 Mb, Memory Working Set Peak = 85.63 Mb
Process Threads Number: 21
Loading geometries triangulation & x-stacks...OK
x-stacks size = 0.80 Mb
	Sub-mesh 0:
		Total  brick(s) 8554
		Native brick(s) 8232
		Inner  brick(s) 7906
		Outer  brick(s) 326
		Ghost  brick(s) 322
	Sub-mesh 1:
		Total  brick(s) 8911
		Native brick(s) 8253
		Inner  brick(s) 7599
		Outer  brick(s) 654
		Ghost  brick(s) 658
	Sub-mesh 2:
		Total  brick(s) 8773
		Native brick(s) 8113
		Inner  brick(s) 7455
		Outer  brick(s) 658
		Ghost  brick(s) 660
	Sub-mesh 3:
		Total  brick(s) 8848
		Native brick(s) 8204
		Inner  brick(s) 7558
		Outer  brick(s) 646
		Ghost  brick(s) 644
	Sub-mesh 4:
		Total  brick(s) 8872
		Native brick(s) 8232
		Inner  brick(s) 7588
		Outer  brick(s) 644
		Ghost  brick(s) 640
	Sub-mesh 5:
		Total  brick(s) 8743
		Native brick(s) 8085
		Inner  brick(s) 7431
		Outer  brick(s) 654
		Ghost  brick(s) 658
	Sub-mesh 6:
		Total  brick(s) 8969
		Native brick(s) 8309
		Inner  brick(s) 7651
		Outer  brick(s) 658
		Ghost  brick(s) 660
	Sub-mesh 7:
		Total  brick(s) 8530
		Native brick(s) 8204
		Inner  brick(s) 7876
		Outer  brick(s) 328
		Ghost  brick(s) 326
	Total brick(s) 65632

-----------------------------------------------------------------------
MSH (Real Geometry) format constructor:
Getting submesh brick sets...OK (0.005 s)
Level 1
	Inner time 0.210 s
	Outer Time 0.057 s
	Level Time 0.267 s
Level 0
	Inner time 0.014 s
	Outer Time 0.015 s
	Level Time 0.029 s

Brick parser time info:
	1.487 s - time_Run
		0.082 s - time_ConstructPoints
			0.062 s - time_ConstructPointsAddFind2
		0.114 s - time_ConstructPointsAndConnectsFromNb
		0.040 s - time_AddRibConnects
		0.207 s - time_ConstructBrickFacets
			0.076 s - time_GetPointsFaceSegments
			0.035 s - time_CalculateQpoints
				0.005 s - time_AddFacetPoint_GetFacesQpoint
					0.000 s - time_GetFacesQpoint_UShaped
						0.000 s - time_GetFacesQpoint2
					0.000 s - time_GetFacesQpoint_AddEdgesToList
					0.004 s - time_Edge_GetClosestPointOn
					0.002 s - time_Edge_NewtonMethod
					0.000 s - time_GetFacesQpoint_ManyFinds
				0.017 s - time_AddFacetPoint_AddQPoint
					0.014 s - time_PointReverseEvaluate
				0.000 s - time_AddFacetPoint_AddFind2
		0.000 s - time_RemoveOddConnects
		0.103 s - time_TestConnectivity
		0.001 s - time_ValidateXeps
		0.179 s - time_ConstructFaceAs
		0.023 s - time_ConstructCvs
		0.027 s - time_ConstructFaceWs
		0.011 s - time_RealGeomAddQPoints
		0.029 s - time_RealGeomAddNewFaces
		0.002 s - time_RealGeomInitOppositeGeomFaceInd
		0.026 s - time_RealGeomApproxCurveFaces
		0.000 s - time_Enum1
		0.000 s - time_Enum2
		0.006 s - time_RealGeomCheckInvalidConnects
		0.420 s - time_RealGeomParameters
			0.118 s - time_CalculateParametersOfCv
			0.248 s - time_CalculateParametersOfFace
				0.136 s - time_CalculateRR
				0.094 s - time_CalculateRefFaceData
				0.004 s - time_CalculateLambdaProjection
			0.037 s - time_SetFacesOrientation
Result:
	Bricks number:                        65632

	Memory usage:                         8.649 MB
	Memory usage (per brick):             0.135 KB
	Construction time:                    0.371 s

	Topology features:
	------------------
	- High quality bricks                 100.00 % (65632)
	- Medium quality bricks                 0.00 % (0)
	- Bad quality bricks                    0.00 % (0)
	- Ribs corrected bricks                 0.00 % (0)
	- Points with geom-info (bricks)        0.00 % (0)
	- Points with closest-info (bricks)     0.00 % (0)
	- Triangulated by center (bricks)       0.00 % (0)
	- Facet w-faces mergings (bricks)       0.00 % (0)
	- To refine (bricks)                    0.00 % (0)

Memory Working Set Current = 82.05 Mb, Memory Working Set Peak = 95.05 Mb
Process Threads Number: 21
-----------------------------------------------------------------------
-----------------------------------------------------------------------
MSH --> BCF format (Iteration 0)...
BCF collector...(remove mode=0)
	(2) Bcf collect time 0.161 s (11116 avs, 2445 fws)
	(1) Bcf collect time 0.163 s (11239 avs, 2429 fws)
	(6) Bcf collect time 0.163 s (11312 avs, 2445 fws)
	(3) Bcf collect time 0.148 s (11206 avs, 2458 fws)
	(5) Bcf collect time 0.173 s (11071 avs, 2429 fws)
	(4) Bcf collect time 0.171 s (11246 avs, 2474 fws)
	(0) Bcf collect time 0.186 s (10888 avs, 2498 fws)
	(7) Bcf collect time 0.188 s (10918 avs, 2555 fws)
	(7) Remove defect avs time 0.053 s
	(1) Remove defect avs time 0.053 s
	(4) Remove defect avs time 0.053 s
	(5) Remove defect avs time 0.053 s
	(2) Remove defect avs time 0.054 s
	(6) Remove defect avs time 0.053 s
	(3) Remove defect avs time 0.053 s
	(0) Remove defect avs time 0.051 s
Defect subdomain detector...
		1 subdomain(s) of gi=0 (real bodies = 1).
			Subdomain 0: 42534 av
		Get real subdoms time 0.000 s
		Mark defect subdomains by closed av...
		Mark by closed av time 0.003 s
		Mark defect subdomains by real bodies...
		0 defect subdomain(s) of gi=0.
		1 subdomain(s) of gi=1 (real bodies = 0).
			Subdomain 0: 40868 av
		Get real subdoms time 0.000 s
		0 defect subdomain(s) of gi=1.
	(1) Remove defect subdoms time 0.018 s
	(4) Remove defect subdoms time 0.018 s
	(6) Remove defect subdoms time 0.018 s
	(2) Remove defect subdoms time 0.018 s
	(5) Remove defect subdoms time 0.018 s
	(7) Remove defect subdoms time 0.018 s
	(3) Remove defect subdoms time 0.018 s
	(0) Remove defect subdoms time 0.018 s
NB-faces collector & conservator...
Sub-mesh 0.
	Conservated total=0 (bb-faces=0)
Sub-mesh 1.
	Conservated total=0 (bb-faces=0)
Sub-mesh 2.
	Conservated total=0 (bb-faces=0)
Sub-mesh 3.
	Conservated total=0 (bb-faces=0)
Sub-mesh 4.
	Conservated total=0 (bb-faces=0)
Sub-mesh 5.
	Conservated total=0 (bb-faces=0)
Sub-mesh 6.
	Conservated total=0 (bb-faces=0)
Sub-mesh 7.
	Conservated total=0 (bb-faces=0)
	(0) Bcf calc time 0.010 s
	(1) Bcf calc time 0.010 s
	(6) Bcf calc time 0.011 s
	(7) Bcf calc time 0.012 s
	(2) Bcf calc time 0.012 s
	(4) Bcf calc time 0.013 s
	(5) Bcf calc time 0.013 s
	(3) Bcf calc time 0.011 s
-----------------------------------------------------------------------
FACE_W optimizer ...
	Before optimization total=34687 (fs=19733, ff=0, ss=0)
	After  optimization total=34687 (fs=19733, ff=0, ss=0, failed fw/br=0/0, big_curv=0, big_poly=0)
	Result of optimization   =0 (res/(fs+ff+ss) = 0.00 %)
-----------------------------------------------------------------------
-----------------------------------------------------------------------
Merging BCF...
Merging bricks trees...OK (0.07 s)
Merging av data...OK (0.03 s)
Merging a-faces data (fluid)...
	New a-face count   119517
	Bound a-face count 1286 (1.08 %)
Merging a-faces data takes 0.02 s
Merging a-faces data (solid)...
	New a-face count   117891
	Bound a-face count 1626 (1.38 %)
Merging a-faces data takes 0.02 s
Merging w-faces data...
	New w-face count   25851
	Bound w-face count 0 (0.00 %)
	Need fw-nb         3644 (14.10 %)
Merging w-faces data takes 0.03 s
Merging BCF takes (0.21 s)
-----------------------------------------------------------------------

-----------------------------------------------------------------------
Geometrical diagonal nb-faces collector (cpu_num=8)...
	Time=0.043s.
-----------------------------------------------------------------------
Fluid Subdom Constructor: 1 subdom(s).
	Remove nb-fw from diff subdomains (fs)...
		Diff subdomains cases         0
-----------------------------------------------------------------------
Mega-cv constructor for fluid...
	 498 av's is treated as thin
Relative size generator (threshold = 0.05)...OK
	 1004 mega-cv's generated
	 0 mega-cv's removed
Convert clusters:
	 1004 mega-cv's total
Mega-cv count: 1004
-----------------------------------------------------------------------
Mixing plane rotation regions: NO.
Sliding mesh rotation regions: NO.
Fluid/fluid faces: NO.
----------------------------------------------------------
BCF --> BCF.GEOMSUBDOM (bridge arrays) (cpu_num=8):
MESH (0):
	Fluid Subdom Constructor: 1 subdom(s).
	Solid Subdom Constructor: 1 subdom(s).
	Net Asm Subdom Constructor: 0 subdom(s).
	GEOMSUBDOM (0): gi=0 fluid av=42534 cv=41530 fa=119517 fb=0 fw=18663 V=2.474763e-04
	GEOMSUBDOM (1): gi=1 solid av=40868 cv=40868 fa=117891 fb=0 fw=25851 V=9.186642e-04
	Setting nb of w-faces...OK (0.009 s).
	Correcting nb of w-faces...
	Time(correct_fw_nb)=0.009 s

MESH (0) checking:
	GEOMSUBDOM (0):fa_s=0.3728485201238058 fb_s=0.0000000000000000 fw_s=0.0514567597457918 fw_nb=149266
	              :d_const(41256)=1.07479e-14 d_linear(40372)=6.8767e-14
	GEOMSUBDOM (1):fa_s=0.7722342367802080 fb_s=0.0000000000000000 fw_s=0.1527930909559022 fw_nb=178110
	              :d_const(40270)=9.37203e-15 d_linear(40270)=1.22328e-13
MESH (0) checking: OK.
Time(MDS)=0.153 s
----------------------------------------------------------

-----------------------------------------------------------------------
BCF CHECKSUM DATA (Mesh 0):

BRICK |Level1| Sum:               50059
FACE_A Area Sum:   G.Fluid        0.3728485201238054
FACE_A Area Sum:   G.Solid        0.7722342367802086
FACE_W Area Sum:                  0.1527930909559022
FACE_W Nb   Sum:                  178110
FACE_W min curvatures sum:        -0.00000000
FACE_W max curvatures sum:        0.00000000
AV Max Disbalance(Const) :        2.37968e-13 (cid=246, t={7, 8, 1}, avid=96, pid=96)
AV Max Disbalance(Linear):        2.53531e-12 (cid=1800, t={7, 8, 7}, avid=1033, pid=511)
-----------------------------------------------------------------------


-----------------------------------------------------------------------
MESHER TOPOLOGY DATA (Mesh 0):

BRICKS: Total                 65632
BRICKS: 1-CV                  48360
BRICKS: 2-CV                  16774
BRICKS: 3-CV                  498
BRICKS: Bad                   0

AV:     G.Total               83402
AV:     G.Fluid               42534
AV:     G.Solid               40868

AV:     G.Fluid Thin Profile    1.17 % (498)
AV:     G.Solid Thin Profile    0.00 % (0)

AV:     G.Fluid Thin For Mega   1.17 % (498)
AV:     G.Solid Thin For Mega   0.00 % (0)

AV:     G.Fluid Non-Convex      0.00 % (0)
AV:     G.Solid Non-Convex      2.16 % (883)

FACE_A: G.Fluid          (af) 119517 (partially opened 34546)
FACE_A: G.Solid          (as) 117891 (partially opened 35544)

FACE_B: G.Total          (b)  0

FACE_W: G.Total                 25851       Brick/Bound
FACE_W: G.Fluid/Solid    (fs_g) 18663       0           
FACE_W: G.Fluid/Fluid    (ff_g) 0           0           
FACE_W: G.Solid/Solid    (ss_g) 0           0           
FACE_W: G.Fluid/External (fe_g) 0
FACE_W: G.Solid/External (se_g) 7188

AV/CV max fa count (on brick side):4
AV/CV max fw count:                4
AV/CV max fb count:                0
AV/CV max fw poly count:           4

MEMORY: Total                   28.916 MB
MEMORY: Per Brick               0.451 KB
-----------------------------------------------------------------------

-----------------------------------------------------------------------
Connectivities information:
	Number of conns: 0
-----------------------------------------------------------------------
-----------------------------------------------------------------------
Calculating curvature and tolerance criteria...
Curvature: min=0 max=2.0944
Tolerance: min=0 max=0.00115852
Calculating curvature and tolerance criteria takes 0.011 s
-----------------------------------------------------------------------
Current CPU = 2 sec

Nx=14
Ny=12
Nz=126
Max BRICK Level=1
Mesh Level=1
-----------------CModelBodies2MeshMapper::CollectData started -------------------------------
-----------------CModelBodies2MeshMapper Report -------------------------------
FluidDomains 1 SolidDomains 1 VoidDomains 0 
Domains RefIndexes
Domain 0, Index count 5
Domain 1, Index count 5
----------------- -------------------------------
	ModelBodies
Total resolved Bodies 0 BodySets 0

--------------------------------------------------------------------------
	Positive geometry Bodies
Total resolved Bodies 1 BodySets 1
BodySet 0
	Bodies list:
			#0	Name: ;	ID: f242bc63-faed-4817-a7fe-6b3bbdbaa3d6
	Domains list:		 0 

--------------------------------------------------------------------------
	Fluid regions
Total resolved Bodies 1 BodySets 1
BodySet 0	Material: Water; 
	Bodies list:
			#0	Name: ;	ID: f242bc63-faed-4817-a7fe-6b3bbdbaa3d6
	Domains list:		 0 

--------------------------------------------------------------------------
-----------------CModelBodies2MeshMapper::CollectData finished successfully-------------------
Saving initial mesh in: Z:\Fall 2019\Fluids\HW 3\4\4.fld .
Storing results...
Estimated CPT size=12.877 MB.
OK
Memory Working Set Current = 135.47 Mb, Memory Working Set Peak = 153.87 Mb
Process Threads Number: 21
Cleaning memory...
Free Geometry DB takes 0.000 s
Copying... OK

------------------------------------------------------------------------------------------------------------
CPU report:
Function                                             CPU           descriptor                    nproc     
------------------------------------------------------------------------------------------------------------
------------------------------------------------------------------------------------------------------------

Mesh generation normally finished at	4.10.2019	17:20:30
Mesher CPU = 3 sec
Mesher is finished at	4.10.2019	17:20:30
Algebra Pool      : mem_usage = 0.75 Mb, allocated count = 0
Free Geometry DB takes 0.000 s
Log ended at 04.10.2019	17:20:30
